2021-03-09 18:52:44 WARN  SearchResultPage:41 - Warn error
2021-03-09 18:53:48 WARN  SearchResultPage:41 - Warn error
2021-03-09 19:46:05 DEBUG BasePage:16 - Creating WebDriver
2021-03-09 19:46:05 DEBUG HomePage:17 - Initialized Home page
2021-03-09 19:46:05 INFO  HomePage:22 - Open home page
2021-03-09 19:46:10 DEBUG BasePage:16 - Creating WebDriver
2021-03-09 19:46:10 DEBUG SearchResultPage:32 - Initialized Search Result page
2021-03-09 19:46:10 INFO  HomePage:28 - Click on search field
2021-03-09 19:46:10 INFO  HomePage:39 - Add data to search field
2021-03-09 19:46:10 INFO  HomePage:33 - Click on search button
2021-03-09 19:46:13 INFO  SearchResultPage:53 - Tick 'See more' for laptop`s Brands
2021-03-09 19:46:14 FATAL SearchResultPage:56 - Fatal error
2021-03-09 19:46:14 INFO  SearchResultPage:46 - Choosing checkBox for laptop`s Brands 
2021-03-09 19:46:14 ERROR SearchResultPage:49 - Error error
2021-03-09 19:46:14 INFO  SearchResultPage:37 - Creating list of elements from search request
2021-03-09 19:46:16 WARN  SearchResultPage:41 - Warn error
2021-03-09 19:49:14 DEBUG BasePage:16 - Creating WebDriver
2021-03-09 19:49:14 DEBUG HomePage:17 - Initialized Home page
2021-03-09 19:49:14 INFO  HomePage:22 - Open home page
2021-03-09 19:49:18 DEBUG BasePage:16 - Creating WebDriver
2021-03-09 19:49:18 DEBUG SearchResultPage:32 - Initialized Search Result page
2021-03-09 19:49:18 INFO  HomePage:28 - Click on search field
2021-03-09 19:49:19 INFO  HomePage:39 - Add data to search field
2021-03-09 19:49:19 INFO  HomePage:33 - Click on search button
2021-03-09 19:49:22 INFO  SearchResultPage:53 - Tick 'See more' for laptop`s Brands
2021-03-09 19:49:23 FATAL SearchResultPage:56 - Fatal error
2021-03-09 19:49:23 INFO  SearchResultPage:46 - Choosing checkBox for laptop`s Brands 
2021-03-09 19:49:23 ERROR SearchResultPage:49 - Error error
2021-03-09 19:49:23 INFO  SearchResultPage:37 - Creating list of elements from search request
2021-03-09 19:49:24 WARN  SearchResultPage:41 - Warn error
2021-03-09 19:53:33 INFO  HomePage:22 - Open home page
2021-03-09 19:53:39 INFO  HomePage:28 - Click on search field
2021-03-09 19:53:39 INFO  HomePage:39 - Add data to search field
2021-03-09 19:53:39 INFO  HomePage:33 - Click on search button
2021-03-09 19:53:44 INFO  SearchResultPage:53 - Tick 'See more' for laptop`s Brands
2021-03-09 19:53:45 FATAL SearchResultPage:56 - Fatal error
2021-03-09 19:53:45 INFO  SearchResultPage:46 - Choosing checkBox for laptop`s Brands 
2021-03-09 19:53:46 ERROR SearchResultPage:49 - Error error
2021-03-09 19:53:46 INFO  SearchResultPage:37 - Creating list of elements from search request
2021-03-09 19:53:46 WARN  SearchResultPage:41 - Warn error
2021-03-09 19:55:35 WARN  SearchResultPage:41 - Warn error
2021-03-09 20:39:50 WARN  SearchResultPage:41 - Warn error
2021-03-09 20:41:33 WARN  SearchResultPage:41 - Warn error
2021-03-09 20:42:56 WARN  SearchResultPage:41 - Warn error
2021-03-09 20:43:36 WARN  SearchResultPage:41 - Warn error
2021-03-09 20:44:10 WARN  SearchResultPage:41 - Warn error
2021-03-09 20:44:35 WARN  SearchResultPage:41 - Warn error
2021-03-09 20:44:51 WARN  SearchResultPage:41 - Warn error
2021-03-09 20:45:09 WARN  SearchResultPage:41 - Warn error
2021-03-09 20:45:27 WARN  SearchResultPage:41 - Warn error
2021-03-09 20:45:50 WARN  SearchResultPage:41 - Warn error
2021-03-09 20:46:10 WARN  SearchResultPage:41 - Warn error
2021-03-09 20:49:25 WARN  SearchResultPage:41 - Warn error
2021-03-09 21:00:46 WARN  SearchResultPage:41 - Warn error
2021-03-14 15:16:09 WARN  SearchResultPage:41 - Warn error
2021-03-14 21:19:15 WARN  SearchResultPage:41 - Warn error
2021-03-14 21:21:31 WARN  SearchResultPage:41 - Warn error
2021-03-14 21:21:42 WARN  SearchResultPage:41 - Warn error
2021-03-14 21:21:52 WARN  SearchResultPage:41 - Warn error
2021-03-14 21:22:03 WARN  SearchResultPage:41 - Warn error
2021-03-14 21:29:03 WARN  SearchResultPage:41 - Warn error
2021-03-14 21:29:18 WARN  SearchResultPage:41 - Warn error
2021-03-14 21:39:54 WARN  SearchResultPage:41 - Warn error
2021-03-14 21:40:10 WARN  SearchResultPage:41 - Warn error
2021-03-14 21:43:03 WARN  SearchResultPage:41 - Warn error
2021-03-14 21:43:17 WARN  SearchResultPage:41 - Warn error
2021-03-14 22:12:05 WARN  SearchResultPage:41 - Warn error
2021-03-14 22:12:17 WARN  SearchResultPage:41 - Warn error
2021-03-14 22:39:00 WARN  SearchResultPage:41 - Warn error
2021-03-14 22:39:13 WARN  SearchResultPage:41 - Warn error
2021-03-14 22:39:29 WARN  SearchResultPage:41 - Warn error
2021-03-14 22:50:50 WARN  SearchResultPage:41 - Warn error
2021-03-14 22:51:03 WARN  SearchResultPage:41 - Warn error
2021-03-14 22:51:17 WARN  SearchResultPage:41 - Warn error
2021-03-14 23:34:23 WARN  SearchResultPage:41 - Warn error
2021-03-14 23:34:37 WARN  SearchResultPage:41 - Warn error
